<?xml version="1.0" encoding="UTF-8" ?>
<testsuite failures="0" time="4.215" errors="0" skipped="0" tests="1" name="com.sape.order.selenium.WhenUserHasTraderRoleShould">
  <properties>
    <property name="java.runtime.name" value="Java(TM) SE Runtime Environment"/>
    <property name="sun.boot.library.path" value="C:\Program Files (x86)\Java\jdk1.6.0_27\jre\bin"/>
    <property name="java.vm.version" value="20.2-b06"/>
    <property name="java.vm.vendor" value="Sun Microsystems Inc."/>
    <property name="java.vendor.url" value="http://java.sun.com/"/>
    <property name="path.separator" value=";"/>
    <property name="java.vm.name" value="Java HotSpot(TM) Client VM"/>
    <property name="file.encoding.pkg" value="sun.io"/>
    <property name="user.country" value="US"/>
    <property name="sun.java.launcher" value="SUN_STANDARD"/>
    <property name="sun.os.patch.level" value="Service Pack 1"/>
    <property name="java.vm.specification.name" value="Java Virtual Machine Specification"/>
    <property name="user.dir" value="F:\Seema\TDD\test-driven-development-ui"/>
    <property name="java.runtime.version" value="1.6.0_27-b07"/>
    <property name="java.awt.graphicsenv" value="sun.awt.Win32GraphicsEnvironment"/>
    <property name="basedir" value="F:\Seema\TDD\test-driven-development-ui"/>
    <property name="java.endorsed.dirs" value="C:\Program Files (x86)\Java\jdk1.6.0_27\jre\lib\endorsed"/>
    <property name="os.arch" value="x86"/>
    <property name="surefire.real.class.path" value="C:\Users\NK\AppData\Local\Temp\surefirebooter3417402042108811235.jar"/>
    <property name="java.io.tmpdir" value="C:\Users\NK\AppData\Local\Temp\"/>
    <property name="line.separator" value="
"/>
    <property name="java.vm.specification.vendor" value="Sun Microsystems Inc."/>
    <property name="user.variant" value=""/>
    <property name="os.name" value="Windows 7"/>
    <property name="sun.jnu.encoding" value="Cp1252"/>
    <property name="java.library.path" value="C:\Program Files (x86)\Java\jdk1.6.0_27\jre\bin;C:\Windows\Sun\Java\bin;C:\Windows\system32;C:\Windows;C:\FileNet\IDM;C:\Windows\system32;C:\Windows;C:\Windows\System32\Wbem;C:\Windows\System32\WindowsPowerShell\v1.0\;C:\Program Files\WIDCOMM\Bluetooth Software\;C:\Program Files\WIDCOMM\Bluetooth Software\syswow64;C:\Program Files (x86)\Common Files\Roxio Shared\10.0\DLLShared\;C:\Program Files (x86)\Common Files\Roxio Shared\DLLShared\;C:\Program Files\Intel\WiFi\bin\;C:\Program Files\Common Files\Intel\WirelessCommon\;C:\Program Files (x86)\TortoiseSVN\bin;C:\Program Files (x86)\QuickTime\QTSystem\;C:\Program Files (x86)\Calibre2\;C:\Program Files (x86)\Java\jdk1.6.0_27\bin;F:\Seema\apache-maven-2.2.1\bin;F:\Seema\Scala\scala-2.9.1.final\bin;;."/>
    <property name="surefire.test.class.path" value="F:\Seema\TDD\test-driven-development-ui\target\test-classes;F:\Seema\TDD\test-driven-development-ui\target\classes;F:\Seema\m2\junit\junit\4.8.1\junit-4.8.1.jar;F:\Seema\m2\org\springframework\spring-core\3.1.1.RELEASE\spring-core-3.1.1.RELEASE.jar;F:\Seema\m2\org\springframework\spring-asm\3.1.1.RELEASE\spring-asm-3.1.1.RELEASE.jar;F:\Seema\m2\commons-logging\commons-logging\1.1.1\commons-logging-1.1.1.jar;F:\Seema\m2\org\springframework\spring-beans\3.1.1.RELEASE\spring-beans-3.1.1.RELEASE.jar;F:\Seema\m2\org\springframework\spring-aop\3.1.1.RELEASE\spring-aop-3.1.1.RELEASE.jar;F:\Seema\m2\aopalliance\aopalliance\1.0\aopalliance-1.0.jar;F:\Seema\m2\org\springframework\spring-context\3.1.1.RELEASE\spring-context-3.1.1.RELEASE.jar;F:\Seema\m2\org\springframework\spring-expression\3.1.1.RELEASE\spring-expression-3.1.1.RELEASE.jar;F:\Seema\m2\org\springframework\spring-web\3.1.1.RELEASE\spring-web-3.1.1.RELEASE.jar;F:\Seema\m2\org\springframework\spring-webmvc\3.1.1.RELEASE\spring-webmvc-3.1.1.RELEASE.jar;F:\Seema\m2\org\springframework\spring-context-support\3.1.1.RELEASE\spring-context-support-3.1.1.RELEASE.jar;F:\Seema\m2\javax\servlet\servlet-api\2.5\servlet-api-2.5.jar;F:\Seema\m2\javax\servlet\jstl\1.1.2\jstl-1.1.2.jar;F:\Seema\m2\javax\validation\validation-api\1.0.0.GA\validation-api-1.0.0.GA.jar;F:\Seema\m2\org\hibernate\hibernate-validator\4.0.2.GA\hibernate-validator-4.0.2.GA.jar;F:\Seema\m2\org\slf4j\slf4j-api\1.5.6\slf4j-api-1.5.6.jar;F:\Seema\m2\javax\xml\bind\jaxb-api\2.1\jaxb-api-2.1.jar;F:\Seema\m2\javax\xml\stream\stax-api\1.0-2\stax-api-1.0-2.jar;F:\Seema\m2\javax\activation\activation\1.1\activation-1.1.jar;F:\Seema\m2\com\sun\xml\bind\jaxb-impl\2.1.3\jaxb-impl-2.1.3.jar;F:\Seema\m2\org\seleniumhq\selenium\selenium-java\2.19.0\selenium-java-2.19.0.jar;F:\Seema\m2\org\seleniumhq\selenium\selenium-android-driver\2.19.0\selenium-android-driver-2.19.0.jar;F:\Seema\m2\org\seleniumhq\selenium\selenium-remote-driver\2.19.0\selenium-remote-driver-2.19.0.jar;F:\Seema\m2\cglib\cglib-nodep\2.1_3\cglib-nodep-2.1_3.jar;F:\Seema\m2\org\json\json\20080701\json-20080701.jar;F:\Seema\m2\org\seleniumhq\selenium\selenium-api\2.19.0\selenium-api-2.19.0.jar;F:\Seema\m2\com\google\guava\guava\11.0.1\guava-11.0.1.jar;F:\Seema\m2\com\google\code\findbugs\jsr305\1.3.9\jsr305-1.3.9.jar;F:\Seema\m2\org\apache\httpcomponents\httpclient\4.1.2\httpclient-4.1.2.jar;F:\Seema\m2\org\apache\httpcomponents\httpcore\4.1.2\httpcore-4.1.2.jar;F:\Seema\m2\commons-codec\commons-codec\1.4\commons-codec-1.4.jar;F:\Seema\m2\org\apache\commons\commons-exec\1.1\commons-exec-1.1.jar;F:\Seema\m2\net\java\dev\jna\jna\3.4.0\jna-3.4.0.jar;F:\Seema\m2\net\java\dev\jna\platform\3.4.0\platform-3.4.0.jar;F:\Seema\m2\org\seleniumhq\selenium\selenium-chrome-driver\2.19.0\selenium-chrome-driver-2.19.0.jar;F:\Seema\m2\org\seleniumhq\selenium\selenium-htmlunit-driver\2.19.0\selenium-htmlunit-driver-2.19.0.jar;F:\Seema\m2\net\sourceforge\htmlunit\htmlunit\2.9\htmlunit-2.9.jar;F:\Seema\m2\xalan\xalan\2.7.1\xalan-2.7.1.jar;F:\Seema\m2\xalan\serializer\2.7.1\serializer-2.7.1.jar;F:\Seema\m2\xml-apis\xml-apis\1.3.04\xml-apis-1.3.04.jar;F:\Seema\m2\commons-collections\commons-collections\3.2.1\commons-collections-3.2.1.jar;F:\Seema\m2\commons-lang\commons-lang\2.5\commons-lang-2.5.jar;F:\Seema\m2\org\apache\httpcomponents\httpmime\4.1.2\httpmime-4.1.2.jar;F:\Seema\m2\net\sourceforge\htmlunit\htmlunit-core-js\2.9\htmlunit-core-js-2.9.jar;F:\Seema\m2\xerces\xercesImpl\2.9.1\xercesImpl-2.9.1.jar;F:\Seema\m2\net\sourceforge\nekohtml\nekohtml\1.9.15\nekohtml-1.9.15.jar;F:\Seema\m2\net\sourceforge\cssparser\cssparser\0.9.5\cssparser-0.9.5.jar;F:\Seema\m2\org\w3c\css\sac\1.3\sac-1.3.jar;F:\Seema\m2\org\seleniumhq\selenium\selenium-firefox-driver\2.0a5\selenium-firefox-driver-2.0a5.jar;F:\Seema\m2\org\seleniumhq\selenium\selenium-ie-driver\2.19.0\selenium-ie-driver-2.19.0.jar;F:\Seema\m2\org\seleniumhq\selenium\selenium-iphone-driver\2.19.0\selenium-iphone-driver-2.19.0.jar;F:\Seema\m2\org\seleniumhq\selenium\selenium-support\2.19.0\selenium-support-2.19.0.jar;F:\Seema\m2\org\openqa\selenium\client-drivers\selenium-java-client-driver\0.9.2\selenium-java-client-driver-0.9.2.jar;F:\Seema\m2\org\openqa\selenium\core\selenium-core\0.8.3\selenium-core-0.8.3.jar;F:\Seema\m2\org\openqa\selenium\server\selenium-server-coreless\0.9.2\selenium-server-coreless-0.9.2.jar;F:\Seema\m2\ant\ant\1.6.5\ant-1.6.5.jar;F:\Seema\m2\jetty\org.mortbay.jetty\5.1.10\org.mortbay.jetty-5.1.10.jar;F:\Seema\m2\org\openqa\selenium\server\selenium-server\0.9.2\selenium-server-0.9.2-standalone.jar;F:\Seema\m2\org\openqa\selenium\server\selenium-server\0.9.2\selenium-server-0.9.2.jar;F:\Seema\m2\bouncycastle\bcprov-jdk15\135\bcprov-jdk15-135.jar;F:\Seema\m2\org\seleniumhq\selenium\selenium-remote-client\2.0a5\selenium-remote-client-2.0a5.jar;F:\Seema\m2\org\seleniumhq\selenium\selenium-remote-common\2.0a5\selenium-remote-common-2.0a5.jar;F:\Seema\m2\org\seleniumhq\selenium\selenium-common\2.0a5\selenium-common-2.0a5.jar;F:\Seema\m2\com\google\collections\google-collections\1.0\google-collections-1.0.jar;F:\Seema\m2\commons-httpclient\commons-httpclient\3.1\commons-httpclient-3.1.jar;F:\Seema\m2\org\slf4j\slf4j-log4j12\1.5.6\slf4j-log4j12-1.5.6.jar;F:\Seema\m2\log4j\log4j\1.2.14\log4j-1.2.14.jar;F:\Seema\m2\net\sf\json-lib\json-lib\2.4\json-lib-2.4-jdk15.jar;F:\Seema\m2\commons-beanutils\commons-beanutils\1.8.0\commons-beanutils-1.8.0.jar;F:\Seema\m2\net\sf\ezmorph\ezmorph\1.0.6\ezmorph-1.0.6.jar;"/>
    <property name="java.specification.name" value="Java Platform API Specification"/>
    <property name="java.class.version" value="50.0"/>
    <property name="sun.management.compiler" value="HotSpot Client Compiler"/>
    <property name="os.version" value="6.1"/>
    <property name="user.home" value="C:\Users\NK"/>
    <property name="user.timezone" value=""/>
    <property name="java.awt.printerjob" value="sun.awt.windows.WPrinterJob"/>
    <property name="java.specification.version" value="1.6"/>
    <property name="file.encoding" value="Cp1252"/>
    <property name="jna.library.path" value=";C:\Users\NK\AppData\Local\Temp\webdriver5345689311502021157libs"/>
    <property name="user.name" value="NK"/>
    <property name="java.class.path" value="F:\Seema\TDD\test-driven-development-ui\target\test-classes;F:\Seema\TDD\test-driven-development-ui\target\classes;F:\Seema\m2\junit\junit\4.8.1\junit-4.8.1.jar;F:\Seema\m2\org\springframework\spring-core\3.1.1.RELEASE\spring-core-3.1.1.RELEASE.jar;F:\Seema\m2\org\springframework\spring-asm\3.1.1.RELEASE\spring-asm-3.1.1.RELEASE.jar;F:\Seema\m2\commons-logging\commons-logging\1.1.1\commons-logging-1.1.1.jar;F:\Seema\m2\org\springframework\spring-beans\3.1.1.RELEASE\spring-beans-3.1.1.RELEASE.jar;F:\Seema\m2\org\springframework\spring-aop\3.1.1.RELEASE\spring-aop-3.1.1.RELEASE.jar;F:\Seema\m2\aopalliance\aopalliance\1.0\aopalliance-1.0.jar;F:\Seema\m2\org\springframework\spring-context\3.1.1.RELEASE\spring-context-3.1.1.RELEASE.jar;F:\Seema\m2\org\springframework\spring-expression\3.1.1.RELEASE\spring-expression-3.1.1.RELEASE.jar;F:\Seema\m2\org\springframework\spring-web\3.1.1.RELEASE\spring-web-3.1.1.RELEASE.jar;F:\Seema\m2\org\springframework\spring-webmvc\3.1.1.RELEASE\spring-webmvc-3.1.1.RELEASE.jar;F:\Seema\m2\org\springframework\spring-context-support\3.1.1.RELEASE\spring-context-support-3.1.1.RELEASE.jar;F:\Seema\m2\javax\servlet\servlet-api\2.5\servlet-api-2.5.jar;F:\Seema\m2\javax\servlet\jstl\1.1.2\jstl-1.1.2.jar;F:\Seema\m2\javax\validation\validation-api\1.0.0.GA\validation-api-1.0.0.GA.jar;F:\Seema\m2\org\hibernate\hibernate-validator\4.0.2.GA\hibernate-validator-4.0.2.GA.jar;F:\Seema\m2\org\slf4j\slf4j-api\1.5.6\slf4j-api-1.5.6.jar;F:\Seema\m2\javax\xml\bind\jaxb-api\2.1\jaxb-api-2.1.jar;F:\Seema\m2\javax\xml\stream\stax-api\1.0-2\stax-api-1.0-2.jar;F:\Seema\m2\javax\activation\activation\1.1\activation-1.1.jar;F:\Seema\m2\com\sun\xml\bind\jaxb-impl\2.1.3\jaxb-impl-2.1.3.jar;F:\Seema\m2\org\seleniumhq\selenium\selenium-java\2.19.0\selenium-java-2.19.0.jar;F:\Seema\m2\org\seleniumhq\selenium\selenium-android-driver\2.19.0\selenium-android-driver-2.19.0.jar;F:\Seema\m2\org\seleniumhq\selenium\selenium-remote-driver\2.19.0\selenium-remote-driver-2.19.0.jar;F:\Seema\m2\cglib\cglib-nodep\2.1_3\cglib-nodep-2.1_3.jar;F:\Seema\m2\org\json\json\20080701\json-20080701.jar;F:\Seema\m2\org\seleniumhq\selenium\selenium-api\2.19.0\selenium-api-2.19.0.jar;F:\Seema\m2\com\google\guava\guava\11.0.1\guava-11.0.1.jar;F:\Seema\m2\com\google\code\findbugs\jsr305\1.3.9\jsr305-1.3.9.jar;F:\Seema\m2\org\apache\httpcomponents\httpclient\4.1.2\httpclient-4.1.2.jar;F:\Seema\m2\org\apache\httpcomponents\httpcore\4.1.2\httpcore-4.1.2.jar;F:\Seema\m2\commons-codec\commons-codec\1.4\commons-codec-1.4.jar;F:\Seema\m2\org\apache\commons\commons-exec\1.1\commons-exec-1.1.jar;F:\Seema\m2\net\java\dev\jna\jna\3.4.0\jna-3.4.0.jar;F:\Seema\m2\net\java\dev\jna\platform\3.4.0\platform-3.4.0.jar;F:\Seema\m2\org\seleniumhq\selenium\selenium-chrome-driver\2.19.0\selenium-chrome-driver-2.19.0.jar;F:\Seema\m2\org\seleniumhq\selenium\selenium-htmlunit-driver\2.19.0\selenium-htmlunit-driver-2.19.0.jar;F:\Seema\m2\net\sourceforge\htmlunit\htmlunit\2.9\htmlunit-2.9.jar;F:\Seema\m2\xalan\xalan\2.7.1\xalan-2.7.1.jar;F:\Seema\m2\xalan\serializer\2.7.1\serializer-2.7.1.jar;F:\Seema\m2\xml-apis\xml-apis\1.3.04\xml-apis-1.3.04.jar;F:\Seema\m2\commons-collections\commons-collections\3.2.1\commons-collections-3.2.1.jar;F:\Seema\m2\commons-lang\commons-lang\2.5\commons-lang-2.5.jar;F:\Seema\m2\org\apache\httpcomponents\httpmime\4.1.2\httpmime-4.1.2.jar;F:\Seema\m2\net\sourceforge\htmlunit\htmlunit-core-js\2.9\htmlunit-core-js-2.9.jar;F:\Seema\m2\xerces\xercesImpl\2.9.1\xercesImpl-2.9.1.jar;F:\Seema\m2\net\sourceforge\nekohtml\nekohtml\1.9.15\nekohtml-1.9.15.jar;F:\Seema\m2\net\sourceforge\cssparser\cssparser\0.9.5\cssparser-0.9.5.jar;F:\Seema\m2\org\w3c\css\sac\1.3\sac-1.3.jar;F:\Seema\m2\org\seleniumhq\selenium\selenium-firefox-driver\2.0a5\selenium-firefox-driver-2.0a5.jar;F:\Seema\m2\org\seleniumhq\selenium\selenium-ie-driver\2.19.0\selenium-ie-driver-2.19.0.jar;F:\Seema\m2\org\seleniumhq\selenium\selenium-iphone-driver\2.19.0\selenium-iphone-driver-2.19.0.jar;F:\Seema\m2\org\seleniumhq\selenium\selenium-support\2.19.0\selenium-support-2.19.0.jar;F:\Seema\m2\org\openqa\selenium\client-drivers\selenium-java-client-driver\0.9.2\selenium-java-client-driver-0.9.2.jar;F:\Seema\m2\org\openqa\selenium\core\selenium-core\0.8.3\selenium-core-0.8.3.jar;F:\Seema\m2\org\openqa\selenium\server\selenium-server-coreless\0.9.2\selenium-server-coreless-0.9.2.jar;F:\Seema\m2\ant\ant\1.6.5\ant-1.6.5.jar;F:\Seema\m2\jetty\org.mortbay.jetty\5.1.10\org.mortbay.jetty-5.1.10.jar;F:\Seema\m2\org\openqa\selenium\server\selenium-server\0.9.2\selenium-server-0.9.2-standalone.jar;F:\Seema\m2\org\openqa\selenium\server\selenium-server\0.9.2\selenium-server-0.9.2.jar;F:\Seema\m2\bouncycastle\bcprov-jdk15\135\bcprov-jdk15-135.jar;F:\Seema\m2\org\seleniumhq\selenium\selenium-remote-client\2.0a5\selenium-remote-client-2.0a5.jar;F:\Seema\m2\org\seleniumhq\selenium\selenium-remote-common\2.0a5\selenium-remote-common-2.0a5.jar;F:\Seema\m2\org\seleniumhq\selenium\selenium-common\2.0a5\selenium-common-2.0a5.jar;F:\Seema\m2\com\google\collections\google-collections\1.0\google-collections-1.0.jar;F:\Seema\m2\commons-httpclient\commons-httpclient\3.1\commons-httpclient-3.1.jar;F:\Seema\m2\org\slf4j\slf4j-log4j12\1.5.6\slf4j-log4j12-1.5.6.jar;F:\Seema\m2\log4j\log4j\1.2.14\log4j-1.2.14.jar;F:\Seema\m2\net\sf\json-lib\json-lib\2.4\json-lib-2.4-jdk15.jar;F:\Seema\m2\commons-beanutils\commons-beanutils\1.8.0\commons-beanutils-1.8.0.jar;F:\Seema\m2\net\sf\ezmorph\ezmorph\1.0.6\ezmorph-1.0.6.jar;"/>
    <property name="java.vm.specification.version" value="1.0"/>
    <property name="sun.arch.data.model" value="32"/>
    <property name="java.home" value="C:\Program Files (x86)\Java\jdk1.6.0_27\jre"/>
    <property name="sun.java.command" value="C:\Users\NK\AppData\Local\Temp\surefirebooter3417402042108811235.jar C:\Users\NK\AppData\Local\Temp\surefire9031885951568730286tmp C:\Users\NK\AppData\Local\Temp\surefire983296295510559916tmp"/>
    <property name="java.specification.vendor" value="Sun Microsystems Inc."/>
    <property name="user.language" value="en"/>
    <property name="awt.toolkit" value="sun.awt.windows.WToolkit"/>
    <property name="java.vm.info" value="mixed mode, sharing"/>
    <property name="java.version" value="1.6.0_27"/>
    <property name="java.ext.dirs" value="C:\Program Files (x86)\Java\jdk1.6.0_27\jre\lib\ext;C:\Windows\Sun\Java\lib\ext"/>
    <property name="sun.boot.class.path" value="C:\Program Files (x86)\Java\jdk1.6.0_27\jre\lib\resources.jar;C:\Program Files (x86)\Java\jdk1.6.0_27\jre\lib\rt.jar;C:\Program Files (x86)\Java\jdk1.6.0_27\jre\lib\sunrsasign.jar;C:\Program Files (x86)\Java\jdk1.6.0_27\jre\lib\jsse.jar;C:\Program Files (x86)\Java\jdk1.6.0_27\jre\lib\jce.jar;C:\Program Files (x86)\Java\jdk1.6.0_27\jre\lib\charsets.jar;C:\Program Files (x86)\Java\jdk1.6.0_27\jre\lib\modules\jdk.boot.jar;C:\Program Files (x86)\Java\jdk1.6.0_27\jre\classes"/>
    <property name="java.vendor" value="Sun Microsystems Inc."/>
    <property name="localRepository" value="F:\Seema\m2"/>
    <property name="file.separator" value="\"/>
    <property name="java.vendor.url.bug" value="http://java.sun.com/cgi-bin/bugreport.cgi"/>
    <property name="sun.cpu.endian" value="little"/>
    <property name="sun.io.unicode.encoding" value="UnicodeLittle"/>
    <property name="sun.desktop" value="windows"/>
    <property name="sun.cpu.isalist" value="pentium_pro+mmx pentium_pro pentium+mmx pentium i486 i386 i86"/>
  </properties>
  <testcase time="4.199" classname="com.sape.order.selenium.WhenUserHasTraderRoleShould" name="test1"/>
</testsuite>